\BOOKMARK [0][-]{chapter.0}{\376\377\000I\000N\000T\000R\000O\000D\000U\000Z\000I\000O\000N\000E}{}% 1
\BOOKMARK [0][-]{chapter.1}{\376\377\000C\000a\000l\000c\000o\000l\000a\000b\000i\000l\000i\000t\000\340\000\040\000e\000\040\000L\000i\000n\000g\000u\000a\000g\000g\000i\000o\000\040\000S}{}% 2
\BOOKMARK [1][-]{section.1.1}{\376\377\000C\000o\000n\000c\000e\000t\000t\000o\000\040\000d\000i\000\040\000c\000a\000l\000c\000o\000l\000a\000b\000i\000l\000i\000t\000\340}{chapter.1}% 3
\BOOKMARK [1][-]{section.1.2}{\376\377\000L\000i\000n\000g\000u\000a\000g\000g\000i\000o\000\040\000S}{chapter.1}% 4
\BOOKMARK [2][-]{subsection.1.2.1}{\376\377\000S\000i\000n\000t\000a\000s\000s\000i}{section.1.2}% 5
\BOOKMARK [2][-]{subsection.1.2.2}{\376\377\000E\000s\000e\000m\000p\000i\000\040\000d\000i\000\040\000S\000-\000P\000r\000o\000g\000r\000a\000m\000m\000i\000\040\000e\000\040\000M\000a\000c\000r\000o}{section.1.2}% 6
\BOOKMARK [1][-]{section.1.3}{\376\377\000C\000a\000r\000a\000t\000t\000e\000r\000i\000z\000z\000a\000z\000i\000o\000n\000e\000\040\000d\000i\000\040\000u\000n\000\040\000S\000-\000p\000r\000o\000g\000r\000a\000m\000m\000a}{chapter.1}% 7
\BOOKMARK [1][-]{section.1.4}{\376\377\000E\000s\000e\000r\000c\000i\000z\000i\000\040\000s\000v\000o\000l\000t\000i\000\040\000e\000\040\000a\000p\000p\000r\000o\000f\000o\000n\000d\000i\000m\000e\000n\000t\000i}{chapter.1}% 8
\BOOKMARK [0][-]{chapter.2}{\376\377\000O\000p\000e\000r\000a\000z\000i\000o\000n\000i\000\040\000s\000u\000l\000l\000e\000\040\000f\000u\000n\000z\000i\000o\000n\000i\000\040\000e\000\040\000P\000a\000r\000a\000d\000i\000g\000m\000a\000\040\000F\000u\000n\000z\000i\000o\000n\000a\000l\000e}{}% 9
\BOOKMARK [1][-]{section.2.1}{\376\377\000P\000a\000r\000a\000d\000i\000g\000m\000a\000\040\000F\000u\000n\000z\000i\000o\000n\000a\000l\000e}{chapter.2}% 10
\BOOKMARK [1][-]{section.2.2}{\376\377\000O\000p\000e\000r\000a\000z\000i\000o\000n\000i\000\040\000f\000o\000n\000d\000a\000m\000e\000n\000t\000a\000l\000i\000\040\000e\000\040\000C\000l\000a\000s\000s\000i\000\040\000P\000R\000C}{chapter.2}% 11
\BOOKMARK [2][-]{subsection.2.2.1}{\376\377\000C\000o\000m\000p\000o\000s\000i\000z\000i\000o\000n\000e}{section.2.2}% 12
\BOOKMARK [2][-]{subsection.2.2.2}{\376\377\000R\000i\000c\000o\000r\000s\000i\000o\000n\000e\000\040\000P\000r\000i\000m\000i\000t\000i\000v\000a}{section.2.2}% 13
\BOOKMARK [2][-]{subsection.2.2.3}{\376\377\000C\000l\000a\000s\000s\000i\000\040\000P\000R\000C\000\040\000e\000\040\000F\000u\000n\000z\000i\000o\000n\000i\000\040\000R\000i\000c\000o\000r\000s\000i\000v\000e\000\040\000P\000r\000i\000m\000i\000t\000i\000v\000e}{section.2.2}% 14
\BOOKMARK [1][-]{section.2.3}{\376\377\000P\000r\000o\000p\000r\000i\000e\000t\000\340\000\040\000d\000i\000\040\000c\000h\000i\000u\000s\000u\000r\000a\000\040\000d\000e\000l\000l\000e\000\040\000C\000l\000a\000s\000s\000i\000\040\000P\000R\000C}{chapter.2}% 15
\BOOKMARK [2][-]{subsection.2.3.1}{\376\377\000C\000h\000i\000u\000s\000u\000r\000a\000\040\000p\000e\000r\000\040\000c\000o\000n\000g\000i\000u\000n\000z\000i\000o\000n\000e\000,\000\040\000d\000i\000s\000g\000i\000u\000n\000z\000i\000o\000n\000e\000\040\000e\000\040\000n\000e\000g\000a\000z\000i\000o\000n\000e}{section.2.3}% 16
\BOOKMARK [2][-]{subsection.2.3.2}{\376\377\000D\000e\000f\000i\000n\000i\000z\000i\000o\000n\000e\000\040\000p\000e\000r\000\040\000C\000a\000s\000i}{section.2.3}% 17
\BOOKMARK [2][-]{subsection.2.3.3}{\376\377\000O\000p\000e\000r\000a\000t\000o\000r\000i\000\040\000d\000i\000\040\000S\000o\000m\000m\000a\000t\000o\000r\000i\000a\000\040\000e\000\040\000P\000r\000o\000d\000u\000t\000t\000o\000r\000i\000a\000\040\000e\000\040\000Q\000u\000a\000n\000t\000i\000f\000i\000c\000a\000t\000o\000r\000i\000\040\000L\000i\000m\000i\000t\000a\000t\000i}{section.2.3}% 18
\BOOKMARK [2][-]{subsection.2.3.4}{\376\377\000M\000i\000n\000i\000m\000a\000l\000i\000z\000z\000a\000z\000i\000o\000n\000e\000\040\000l\000i\000m\000i\000t\000a\000t\000a}{section.2.3}% 19
\BOOKMARK [1][-]{section.2.4}{\376\377\000F\000u\000n\000z\000i\000o\000n\000i\000\040\000p\000a\000r\000z\000i\000a\000l\000m\000e\000n\000t\000e\000\040\000c\000a\000l\000c\000o\000l\000a\000b\000i\000l\000i}{chapter.2}% 20
\BOOKMARK [2][-]{subsection.2.4.1}{\376\377\000M\000i\000n\000i\000m\000a\000l\000i\000z\000z\000a\000z\000i\000o\000n\000e\000\040\000i\000l\000l\000i\000m\000i\000t\000a\000t\000a}{section.2.4}% 21
\BOOKMARK [2][-]{subsection.2.4.2}{\376\377\000C\000a\000r\000a\000t\000t\000e\000r\000i\000z\000z\000a\000z\000i\000o\000n\000e\000\040\000d\000e\000l\000l\000e\000\040\000f\000u\000n\000z\000i\000o\000n\000i\000\040\000p\000a\000r\000z\000i\000a\000l\000m\000e\000n\000t\000e\000\040\000c\000a\000l\000c\000o\000l\000a\000b\000i\000l\000i}{section.2.4}% 22
\BOOKMARK [1][-]{section.2.5}{\376\377\000E\000s\000e\000r\000c\000i\000z\000i\000\040\000e\000\040\000a\000p\000p\000r\000o\000f\000o\000n\000d\000i\000m\000e\000n\000t\000i}{chapter.2}% 23
\BOOKMARK [0][-]{chapter.3}{\376\377\000P\000r\000o\000b\000l\000e\000m\000a\000\040\000d\000e\000l\000l\000a\000\040\000F\000e\000r\000m\000a\000t\000a\000\040\000e\000\040\000F\000u\000n\000z\000i\000o\000n\000e\000\040\000U\000n\000i\000v\000e\000r\000s\000a\000l\000e}{}% 24
\BOOKMARK [1][-]{section.3.1}{\376\377\000C\000o\000n\000c\000e\000t\000t\000i\000\040\000I\000n\000t\000r\000o\000d\000u\000t\000t\000i\000v\000i\000\040\000G\000e\000n\000e\000r\000a\000l\000i}{chapter.3}% 25
\BOOKMARK [1][-]{section.3.2}{\376\377\000F\000u\000n\000z\000i\000o\000n\000e\000\040\000d\000i\000\040\000P\000a\000i\000r\000i\000n\000g\000\040\000e\000\040\000N\000u\000m\000e\000r\000i\000\040\000d\000i\000\040\000G\000\366\000d\000e\000l}{chapter.3}% 26
\BOOKMARK [2][-]{subsection.3.2.1}{\376\377\000F\000u\000n\000z\000i\000o\000n\000e\000\040\000d\000i\000\040\000P\000a\000i\000r\000i\000n\000g}{section.3.2}% 27
\BOOKMARK [2][-]{subsection.3.2.2}{\376\377\000N\000u\000m\000e\000r\000i\000\040\000d\000i\000\040\000G\000\366\000d\000e\000l}{section.3.2}% 28
\BOOKMARK [1][-]{section.3.3}{\376\377\000C\000o\000d\000i\000f\000i\000c\000a\000\040\000d\000'\000I\000s\000t\000r\000u\000z\000i\000o\000n\000i\000,\000\040\000P\000r\000o\000g\000r\000a\000m\000m\000i\000\040\000e\000\040\000S\000t\000a\000t\000i}{chapter.3}% 29
\BOOKMARK [2][-]{subsection.3.3.1}{\376\377\000C\000o\000d\000i\000f\000i\000c\000a\000\040\000d\000'\000I\000s\000t\000r\000u\000z\000i\000o\000n\000i}{section.3.3}% 30
\BOOKMARK [2][-]{subsection.3.3.2}{\376\377\000C\000o\000d\000i\000f\000i\000c\000a\000\040\000d\000i\000\040\000P\000r\000o\000g\000r\000a\000m\000m\000i}{section.3.3}% 31
\BOOKMARK [2][-]{subsection.3.3.3}{\376\377\000C\000o\000d\000i\000f\000i\000c\000a\000\040\000d\000e\000g\000l\000i\000\040\000S\000t\000a\000t\000i}{section.3.3}% 32
\BOOKMARK [1][-]{section.3.4}{\376\377\000F\000u\000n\000z\000i\000o\000n\000i\000\040\000p\000a\000r\000z\000i\000a\000l\000i\000\040\000n\000o\000n\000\040\000c\000a\000l\000c\000o\000l\000a\000b\000i\000l\000i\000\040\000e\000\040\000H\000a\000l\000t\000\040\000P\000r\000o\000b\000l\000e\000m}{chapter.3}% 33
\BOOKMARK [1][-]{section.3.5}{\376\377\000F\000u\000n\000z\000i\000o\000n\000e\000\040\000u\000n\000i\000v\000e\000r\000s\000a\000l\000e\000\040\000e\000\040\000P\000r\000e\000d\000i\000c\000a\000t\000o\000\040\000S\000T\000P}{chapter.3}% 34
\BOOKMARK [2][-]{subsection.3.5.1}{\376\377\000F\000u\000n\000z\000i\000o\000n\000e\000\040\000u\000n\000i\000v\000e\000r\000s\000a\000l\000e}{section.3.5}% 35
\BOOKMARK [2][-]{subsection.3.5.2}{\376\377\000P\000r\000e\000d\000i\000c\000a\000t\000o\000\040\000S\000T\000P}{section.3.5}% 36
\BOOKMARK [1][-]{section.3.6}{\376\377\000D\000i\000a\000g\000r\000a\000m\000m\000a\000\040\000R\000i\000a\000s\000s\000u\000n\000t\000i\000v\000o\000\040\000s\000u\000l\000l\000e\000\040\000F\000u\000n\000z\000i\000o\000n\000i\000\040\000P\000a\000r\000z\000i\000a\000l\000i}{chapter.3}% 37
\BOOKMARK [1][-]{section.3.7}{\376\377\000C\000o\000m\000e\000\040\000u\000t\000i\000l\000i\000z\000z\000a\000r\000e\000\040\000l\000e\000\040\000f\000u\000n\000z\000i\000o\000n\000i\000\040\000H\000A\000L\000T\000,\000\040\000S\000T\000P\000\040\000e\000\040\000U\000n\000i\000v\000e\000r\000s\000a\000l\000e}{chapter.3}% 38
\BOOKMARK [1][-]{section.3.8}{\376\377\000E\000s\000e\000r\000c\000i\000z\000i\000\040\000d\000a\000l\000l\000e\000\040\000p\000r\000o\000v\000e\000\040\000d\000'\000e\000s\000a\000m\000e\000\040\000s\000u\000\040\000S\000T\000P\000,\000\040\000H\000A\000L\000T\000\040\000e\000\040\000F\000u\000n\000z\000i\000o\000n\000e\000\040\000U\000n\000i\000v\000e\000r\000s\000a\000l\000e}{chapter.3}% 39
\BOOKMARK [2][-]{subsection.3.8.1}{\376\377\000E\000s\000e\000r\000c\000i\000z\000i\000o\000\040\0001}{section.3.8}% 40
\BOOKMARK [2][-]{subsection.3.8.2}{\376\377\000E\000s\000e\000r\000c\000i\000z\000i\000o\000\040\0002}{section.3.8}% 41
\BOOKMARK [1][-]{section.3.9}{\376\377\000E\000s\000e\000r\000c\000i\000z\000i\000\040\000e\000\040\000a\000p\000p\000r\000o\000f\000o\000n\000d\000i\000m\000e\000n\000t\000i}{chapter.3}% 42
\BOOKMARK [0][-]{chapter.4}{\376\377\000I\000n\000s\000i\000e\000m\000i\000\040\000R\000i\000c\000o\000r\000s\000i\000v\000i\000\040\000e\000\040\000R\000i\000c\000o\000r\000s\000i\000v\000a\000m\000e\000n\000t\000e\000\040\000E\000n\000u\000m\000e\000r\000a\000b\000i\000l\000i}{}% 43
\BOOKMARK [1][-]{section.4.1}{\376\377\000D\000a\000\040\000f\000u\000n\000z\000i\000o\000n\000i\000\040\000a\000\040\000i\000n\000s\000i\000e\000m\000i}{chapter.4}% 44
\BOOKMARK [2][-]{subsection.4.1.1}{\376\377\000A\000n\000a\000l\000i\000s\000i\000\040\000d\000e\000g\000l\000i\000\040\000I\000n\000s\000i\000e\000m\000i\000\040\000R\000i\000c\000o\000r\000s\000i\000v\000i}{section.4.1}% 45
\BOOKMARK [2][-]{subsection.4.1.2}{\376\377\000I\000n\000s\000i\000e\000m\000i\000\040\000R\000i\000c\000o\000r\000s\000i\000v\000a\000m\000e\000n\000t\000e\000\040\000E\000n\000u\000m\000e\000r\000a\000b\000i\000l\000i}{section.4.1}% 46
\BOOKMARK [1][-]{section.4.2}{\376\377\000E\000s\000e\000r\000c\000i\000z\000i\000\040\000r\000i\000c\000o\000r\000s\000i\000v\000a\000m\000e\000n\000t\000e\000\040\000e\000n\000u\000m\000e\000r\000a\000b\000i\000l\000i}{chapter.4}% 47
\BOOKMARK [2][-]{subsection.4.2.1}{\376\377\000E\000s\000e\000r\000c\000i\000z\000i\000o\000\040\0001}{section.4.2}% 48
\BOOKMARK [2][-]{subsection.4.2.2}{\376\377\000E\000s\000e\000r\000c\000i\000z\000i\000o\000\040\0002}{section.4.2}% 49
\BOOKMARK [1][-]{section.4.3}{\376\377\000E\000s\000e\000r\000c\000i\000z\000i\000\040\000e\000d\000\040\000a\000p\000p\000r\000o\000f\000o\000n\000d\000i\000m\000e\000n\000t\000i}{chapter.4}% 50
\BOOKMARK [0][-]{chapter.5}{\376\377\000M\000a\000c\000c\000h\000i\000n\000e\000\040\000d\000i\000\040\000T\000u\000r\000i\000n\000g\000\040\000e\000\040\000A\000u\000t\000o\000m\000i\000\040\000a\000\040\000S\000t\000a\000t\000i\000\040\000F\000i\000n\000i\000t\000i}{}% 51
\BOOKMARK [1][-]{section.5.1}{\376\377\000M\000a\000c\000c\000h\000i\000n\000e\000\040\000d\000i\000\040\000T\000u\000r\000i\000n\000g}{chapter.5}% 52
\BOOKMARK [1][-]{section.5.2}{\376\377\000A\000u\000t\000o\000m\000i\000\040\000a\000\040\000S\000t\000a\000t\000i\000\040\000F\000i\000n\000i\000t\000i}{chapter.5}% 53
\BOOKMARK [2][-]{subsection.5.2.1}{\376\377\000A\000u\000t\000o\000m\000i\000\040\000F\000i\000n\000i\000t\000i\000\040\000D\000e\000t\000e\000r\000m\000i\000n\000i\000s\000t\000i\000c\000i}{section.5.2}% 54
\BOOKMARK [2][-]{subsection.5.2.2}{\376\377\000L\000i\000n\000g\000u\000a\000g\000g\000i\000\040\000R\000e\000g\000o\000l\000a\000r\000i}{section.5.2}% 55
\BOOKMARK [2][-]{subsection.5.2.3}{\376\377\000A\000u\000t\000o\000m\000i\000\040\000F\000i\000n\000i\000t\000i\000\040\000N\000o\000n\000\040\000D\000e\000t\000e\000r\000m\000i\000n\000i\000s\000t\000i\000c\000i}{section.5.2}% 56
\BOOKMARK [2][-]{subsection.5.2.4}{\376\377\000E\000q\000u\000i\000v\000a\000l\000e\000n\000z\000a\000\040\000t\000r\000a\000\040\000D\000F\000A\000\040\000e\000\040\000N\000F\000A}{section.5.2}% 57
\BOOKMARK [1][-]{section.5.3}{\376\377\000E\000s\000e\000r\000c\000i\000z\000i\000\040\000e\000d\000\040\000a\000p\000p\000r\000o\000f\000o\000n\000d\000i\000m\000e\000n\000t\000i}{chapter.5}% 58
\BOOKMARK [0][-]{chapter.6}{\376\377\000O\000p\000e\000r\000a\000z\000i\000o\000n\000i\000\040\000s\000u\000i\000\040\000L\000i\000n\000g\000u\000a\000g\000g\000i\000\040\000r\000e\000g\000o\000l\000a\000r\000i}{}% 59
\BOOKMARK [1][-]{section.6.1}{\376\377\000D\000F\000A\000\040\000N\000o\000n\000-\000R\000e\000s\000t\000a\000r\000t\000i\000n\000g}{chapter.6}% 60
\BOOKMARK [1][-]{section.6.2}{\376\377\000C\000h\000i\000u\000s\000u\000r\000a\000\040\000d\000e\000i\000\040\000L\000i\000n\000g\000u\000a\000g\000g\000i\000\040\000R\000e\000g\000o\000l\000a\000r\000i}{chapter.6}% 61
\BOOKMARK [2][-]{subsection.6.2.1}{\376\377\000U\000n\000i\000o\000n\000e}{section.6.2}% 62
\BOOKMARK [2][-]{subsection.6.2.2}{\376\377\000P\000r\000o\000d\000o\000t\000t\000o\000\040\000p\000e\000r\000\040\000C\000o\000n\000c\000a\000t\000e\000n\000a\000z\000i\000o\000n\000e}{section.6.2}% 63
\BOOKMARK [2][-]{subsection.6.2.3}{\376\377\000I\000t\000e\000r\000a\000z\000i\000o\000n\000e}{section.6.2}% 64
\BOOKMARK [1][-]{section.6.3}{\376\377\000E\000s\000p\000r\000e\000s\000s\000i\000o\000n\000i\000\040\000R\000e\000g\000o\000l\000a\000r\000i}{chapter.6}% 65
\BOOKMARK [2][-]{subsection.6.3.1}{\376\377\000S\000e\000m\000a\000n\000t\000i\000c\000a\000\040\000d\000e\000l\000l\000e\000\040\000E\000s\000p\000r\000e\000s\000s\000i\000o\000n\000i\000\040\000R\000e\000g\000o\000l\000a\000r\000i}{section.6.3}% 66
\BOOKMARK [1][-]{section.6.4}{\376\377\000P\000u\000m\000p\000i\000n\000g\000\040\000L\000e\000m\000m\000a\000\040\000p\000e\000r\000\040\000L\000i\000n\000g\000u\000a\000g\000g\000i\000\040\000R\000e\000g\000o\000l\000a\000r\000i}{chapter.6}% 67
\BOOKMARK [1][-]{section.6.5}{\376\377\000E\000s\000e\000r\000c\000i\000z\000i\000\040\000e\000d\000\040\000a\000p\000p\000r\000o\000f\000o\000n\000d\000i\000m\000e\000n\000t\000i}{chapter.6}% 68
\BOOKMARK [0][-]{chapter.7}{\376\377\000G\000r\000a\000m\000m\000a\000t\000i\000c\000h\000e\000\040\000c\000o\000n\000t\000e\000x\000t\000-\000f\000r\000e\000e\000\040\000e\000\040\000A\000u\000t\000o\000m\000i\000\040\000P\000u\000s\000h\000d\000o\000w\000n}{}% 69
\BOOKMARK [1][-]{section.7.1}{\376\377\000G\000r\000a\000m\000m\000a\000t\000i\000c\000h\000e\000\040\000c\000o\000n\000t\000e\000x\000t\000-\000f\000r\000e\000e}{chapter.7}% 70
\BOOKMARK [2][-]{subsection.7.1.1}{\376\377\000A\000l\000b\000e\000r\000o\000\040\000d\000i\000\040\000d\000e\000r\000i\000v\000a\000z\000i\000o\000n\000e\000\040\000e\000\040\000a\000m\000b\000i\000g\000u\000i\000t\000\340}{section.7.1}% 71
\BOOKMARK [1][-]{section.7.2}{\376\377\000P\000r\000o\000p\000r\000i\000e\000t\000\340\000\040\000d\000i\000\040\000c\000h\000i\000u\000s\000u\000r\000a\000\040\000d\000e\000i\000\040\000l\000i\000n\000g\000u\000a\000g\000g\000i\000\040\000c\000o\000n\000t\000e\000x\000t\000-\000f\000r\000e\000e}{chapter.7}% 72
\BOOKMARK [2][-]{subsection.7.2.1}{\376\377\000G\000r\000a\000m\000m\000a\000t\000i\000c\000h\000e\000\040\000r\000e\000g\000o\000l\000a\000r\000i}{section.7.2}% 73
\BOOKMARK [1][-]{section.7.3}{\376\377\000A\000u\000t\000o\000m\000i\000\040\000P\000u\000s\000h\000d\000o\000w\000n}{chapter.7}% 74
\BOOKMARK [0][-]{chapter.8}{\376\377\000F\000o\000r\000m\000e\000\040\000N\000o\000r\000m\000a\000l\000i\000\040\000d\000i\000\040\000C\000h\000o\000m\000s\000k\000y\000\040\000e\000\040\000P\000u\000m\000p\000i\000n\000g\000\040\000L\000e\000m\000m\000a}{}% 75
\BOOKMARK [1][-]{section.8.1}{\376\377\000F\000o\000r\000m\000e\000\040\000n\000o\000r\000m\000a\000l\000i\000\040\000d\000i\000\040\000C\000h\000o\000m\000s\000k\000y}{chapter.8}% 76
\BOOKMARK [1][-]{section.8.2}{\376\377\000P\000u\000m\000p\000i\000n\000g\000\040\000L\000e\000m\000m\000a\000\040\000p\000e\000r\000\040\000i\000\040\000l\000i\000n\000g\000u\000a\000g\000g\000i\000\040\000c\000o\000n\000t\000e\000x\000t\000-\000f\000r\000e\000e}{chapter.8}% 77
\BOOKMARK [1][-]{section.8.3}{\376\377\000G\000e\000r\000a\000r\000c\000h\000i\000a\000\040\000d\000i\000\040\000C\000h\000o\000m\000s\000k\000y\000-\000S\000c\000h\000\374\000t\000z\000e\000n\000b\000e\000r\000g\000e\000r}{chapter.8}% 78
\BOOKMARK [0][-]{chapter.9}{\376\377\000E\000s\000e\000r\000c\000i\000z\000i\000\040\000d\000e\000l\000l\000a\000\040\0001\000\260\000\040\000p\000r\000o\000v\000a\000\040\000i\000n\000t\000e\000r\000c\000o\000r\000s\000o}{}% 79
\BOOKMARK [1][-]{section.9.1}{\376\377\0002\0000\0002\0003}{chapter.9}% 80
\BOOKMARK [2][-]{subsection.9.1.1}{\376\377\0002\0000\000\040\000G\000e\000n\000n\000a\000i\000o\000\040\0002\0000\0002\0003}{section.9.1}% 81
\BOOKMARK [2][-]{subsection.9.1.2}{\376\377\0000\0003\000\040\000M\000a\000r\000z\000o\000\040\0002\0000\0002\0003}{section.9.1}% 82
\BOOKMARK [2][-]{subsection.9.1.3}{\376\377\0001\0003\000\040\000G\000i\000u\000g\000n\000o\000\040\0002\0000\0002\0003}{section.9.1}% 83
\BOOKMARK [1][-]{section.9.2}{\376\377\0002\0000\0002\0002}{chapter.9}% 84
\BOOKMARK [2][-]{subsection.9.2.1}{\376\377\0001\0006\000\040\000M\000a\000r\000z\000o\000\040\0002\0000\0002\0002}{section.9.2}% 85
\BOOKMARK [2][-]{subsection.9.2.2}{\376\377\0000\0007\000\040\000A\000p\000r\000i\000l\000e\000\040\0002\0000\0002\0002}{section.9.2}% 86
\BOOKMARK [2][-]{subsection.9.2.3}{\376\377\0002\0000\000\040\000L\000u\000g\000l\000i\000o\000\040\0002\0000\0002\0002}{section.9.2}% 87
\BOOKMARK [2][-]{subsection.9.2.4}{\376\377\0001\0003\000\040\000S\000e\000t\000t\000e\000m\000b\000r\000e\000\040\0002\0000\0002\0002}{section.9.2}% 88
\BOOKMARK [1][-]{section.9.3}{\376\377\0002\0000\0002\0001}{chapter.9}% 89
\BOOKMARK [2][-]{subsection.9.3.1}{\376\377\0002\0002\000\040\000G\000i\000u\000g\000n\000o\000\040\0002\0000\0002\0001}{section.9.3}% 90
\BOOKMARK [2][-]{subsection.9.3.2}{\376\377\0002\0000\000\040\000L\000u\000g\000l\000i\000o\000\040\0002\0000\0002\0001}{section.9.3}% 91
\BOOKMARK [2][-]{subsection.9.3.3}{\376\377\0001\0009\000\040\000G\000e\000n\000n\000a\000i\000o\000\040\0002\0000\0002\0001}{section.9.3}% 92
\BOOKMARK [1][-]{section.9.4}{\376\377\0002\0000\0002\0000}{chapter.9}% 93
\BOOKMARK [2][-]{subsection.9.4.1}{\376\377\0002\0000\000\040\000G\000e\000n\000n\000a\000i\000o\000\040\0002\0000\0002\0000}{section.9.4}% 94
\BOOKMARK [2][-]{subsection.9.4.2}{\376\377\0001\0008\000\040\000F\000e\000b\000b\000r\000a\000i\000o\000\040\0002\0000\0002\0000}{section.9.4}% 95
\BOOKMARK [2][-]{subsection.9.4.3}{\376\377\0002\0003\000\040\000G\000i\000u\000g\000n\000o\000\040\0002\0000\0002\0000}{section.9.4}% 96
\BOOKMARK [2][-]{subsection.9.4.4}{\376\377\0001\0006\000\040\000O\000t\000t\000o\000b\000r\000e\000\040\0002\0000\0002\0000}{section.9.4}% 97
\BOOKMARK [1][-]{section.9.5}{\376\377\0002\0000\0001\0009}{chapter.9}% 98
\BOOKMARK [2][-]{subsection.9.5.1}{\376\377\0002\0000\000\040\000G\000i\000u\000g\000n\000o\000\040\0002\0000\0001\0009}{section.9.5}% 99
\BOOKMARK [2][-]{subsection.9.5.2}{\376\377\0001\0007\000\040\000L\000u\000g\000l\000i\000o\000\040\0002\0000\0001\0009}{section.9.5}% 100
\BOOKMARK [1][-]{section.9.6}{\376\377\0002\0000\0001\0008}{chapter.9}% 101
\BOOKMARK [2][-]{subsection.9.6.1}{\376\377\0002\000\040\000L\000u\000g\000l\000i\000o\000\040\0002\0000\0001\0008}{section.9.6}% 102
